<?xml version="1.0" encoding="UTF-8"?>
<!-- Generated by org.testng.reporters.JUnitReportReporter -->
<testsuite hostname="Rohith" failures="0" tests="2" name="Test.TestCases" time="12.060" errors="0" timestamp="2024-04-14T19:06:58 EDT" skipped="0">
  <testcase classname="Test.TestCases" name="testSignUpPage" time="7.208"/>
  <testcase classname="Test.TestCases" name="testLoginPage" time="4.852"/>
</testsuite> <!-- Test.TestCases -->
